<?xml version="1.0" encoding="UTF-8"?>
<testsuite xmlns:xsi="http://www.w3.org/2001/XMLSchema-instance" xsi:noNamespaceSchemaLocation="https://maven.apache.org/surefire/maven-surefire-plugin/xsd/surefire-test-report-3.0.xsd" version="3.0" name="TestSuite" time="9.727" tests="1" errors="0" skipped="0" failures="0">
  <properties>
[...]
</properties>
  <testcase name="verifyLogin" classname="testCases.TC002_LoginTest" time="4.854">
    <system-err><![CDATA[SLF4J(W): No SLF4J providers were found.
SLF4J(W): Defaulting to no-operation (NOP) logger implementation
SLF4J(W): See https://www.slf4j.org/codes.html#noProviders for further details.
2025-09-10T07:00:38.795052300Z main INFO Starting configuration XmlConfiguration[location=C:\Users\Vishal\eclipse-workspace\OPENCARTV1.1\target\test-classes\log4j2.xml, lastModified=2025-09-04T13:23:16.385Z]...
2025-09-10T07:00:38.796050Z main INFO Configuration XmlConfiguration[location=C:\Users\Vishal\eclipse-workspace\OPENCARTV1.1\target\test-classes\log4j2.xml, lastModified=2025-09-04T13:23:16.385Z] started.
2025-09-10T07:00:38.799366Z main INFO Stopping configuration org.apache.logging.log4j.core.config.DefaultConfiguration@189aa67a...
2025-09-10T07:00:38.799473300Z main INFO Configuration org.apache.logging.log4j.core.config.DefaultConfiguration@189aa67a stopped.
]]></system-err>
  </testcase>
</testsuite>